<?xml version="1.0" encoding="UTF-8"?>
<testng-results skipped="0" failed="0" ignored="0" total="1" passed="1">
  <reporter-output>
  </reporter-output>
  <suite name="Suite" duration-ms="16322" started-at="2018-07-19T07:36:50Z" finished-at="2018-07-19T07:37:07Z">
    <groups>
    </groups>
    <test name="Test" duration-ms="16322" started-at="2018-07-19T07:36:50Z" finished-at="2018-07-19T07:37:07Z">
      <class name="Project.SIM.log.TC001login">
        <test-method status="PASS" signature="Start(java.lang.String)[pri:0, instance:Project.SIM.log.TC001login@6a1aab78]" name="Start" is-config="true" duration-ms="12343" started-at="2018-07-19T07:36:50Z" finished-at="2018-07-19T07:37:03Z">
          <params>
            <param index="0">
              <value>
                <![CDATA[chrome]]>
              </value>
            </param>
          </params>
          <reporter-output>
          </reporter-output>
        </test-method> <!-- Start -->
        <test-method status="PASS" signature="log()[pri:0, instance:Project.SIM.log.TC001login@6a1aab78]" name="log" duration-ms="3057" started-at="2018-07-19T07:37:03Z" finished-at="2018-07-19T07:37:06Z">
          <reporter-output>
          </reporter-output>
        </test-method> <!-- log -->
        <test-method status="PASS" signature="after()[pri:0, instance:Project.SIM.log.TC001login@6a1aab78]" name="after" is-config="true" duration-ms="2" started-at="2018-07-19T07:37:07Z" finished-at="2018-07-19T07:37:07Z">
          <reporter-output>
          </reporter-output>
        </test-method> <!-- after -->
      </class> <!-- Project.SIM.log.TC001login -->
    </test> <!-- Test -->
  </suite> <!-- Suite -->
</testng-results>
